==1302== Memcheck, a memory error detector
==1302== Copyright (C) 2002-2017, and GNU GPL'd, by Julian Seward et al.
==1302== Using Valgrind-3.13.0 and LibVEX; rerun with -h for copyright info
==1302== Command: ./app
==1302== Parent PID: 11
==1302== 
--1302-- 
--1302-- Valgrind options:
--1302--    -v
--1302--    --log-file=valgrind.log
--1302--    --tool=memcheck
--1302--    --leak-check=full
--1302--    --show-mismatched-frees=yes
--1302-- Contents of /proc/version:
--1302--   Linux version 4.4.0-18362-Microsoft (Microsoft@Microsoft.com) (gcc version 5.4.0 (GCC) ) #1049-Microsoft Thu Aug 14 12:01:00 PST 2020
--1302-- 
--1302-- Arch and hwcaps: AMD64, LittleEndian, amd64-cx16-lzcnt-rdtscp-sse3
--1302-- Page sizes: currently 4096, max supported 4096
--1302-- Valgrind library directory: /usr/lib/valgrind
--1302-- Reading syms from /mnt/d/360MoveData/Users/Administrator/Desktop/code/Vmshare_share/linux/CPP/第2部分 C++面向对象/2.2封装/2.2.3 人的一天 构造析构函数/app
--1302-- Reading syms from /lib/x86_64-linux-gnu/ld-2.27.so
--1302--   Considering /lib/x86_64-linux-gnu/ld-2.27.so ..
--1302--   .. CRC mismatch (computed 0ef8daab wanted 65bccefe)
--1302--   Considering /usr/lib/debug/lib/x86_64-linux-gnu/ld-2.27.so ..
--1302--   .. CRC is valid
--1302-- Reading syms from /usr/lib/valgrind/memcheck-amd64-linux
--1302--   Considering /usr/lib/valgrind/memcheck-amd64-linux ..
--1302--   .. CRC mismatch (computed 41ddb025 wanted 9972f546)
--1302--    object doesn't have a symbol table
--1302--    object doesn't have a dynamic symbol table
--1302-- Scheduler: using generic scheduler lock implementation.
--1302-- Reading suppressions file: /usr/lib/valgrind/default.supp
==1302== embedded gdbserver: reading from /tmp/vgdb-pipe-from-vgdb-to-1302-by-shics-on-???
==1302== embedded gdbserver: writing to   /tmp/vgdb-pipe-to-vgdb-from-1302-by-shics-on-???
==1302== embedded gdbserver: shared mem   /tmp/vgdb-pipe-shared-mem-vgdb-1302-by-shics-on-???
==1302== 
==1302== TO CONTROL THIS PROCESS USING vgdb (which you probably
==1302== don't want to do, unless you know exactly what you're doing,
==1302== or are doing some strange experiment):
==1302==   /usr/lib/valgrind/../../bin/vgdb --pid=1302 ...command...
==1302== 
==1302== TO DEBUG THIS PROCESS USING GDB: start GDB like this
==1302==   /path/to/gdb ./app
==1302== and then give GDB the following command
==1302==   target remote | /usr/lib/valgrind/../../bin/vgdb --pid=1302
==1302== --pid is optional if only one valgrind process is running
==1302== 
==1302== error calling PR_SET_PTRACER, vgdb might block
--1302-- REDIR: 0x4020d20 (ld-linux-x86-64.so.2:strlen) redirected to 0x580608c1 (???)
--1302-- REDIR: 0x4020b00 (ld-linux-x86-64.so.2:index) redirected to 0x580608db (???)
--1302-- Reading syms from /usr/lib/valgrind/vgpreload_core-amd64-linux.so
--1302--   Considering /usr/lib/valgrind/vgpreload_core-amd64-linux.so ..
--1302--   .. CRC mismatch (computed 50df1b30 wanted 4800a4cf)
--1302--    object doesn't have a symbol table
--1302-- Reading syms from /usr/lib/valgrind/vgpreload_memcheck-amd64-linux.so
--1302--   Considering /usr/lib/valgrind/vgpreload_memcheck-amd64-linux.so ..
--1302--   .. CRC mismatch (computed f893b962 wanted 95ee359e)
--1302--    object doesn't have a symbol table
==1302== WARNING: new redirection conflicts with existing -- ignoring it
--1302--     old: 0x04020d20 (strlen              ) R-> (0000.0) 0x580608c1 ???
--1302--     new: 0x04020d20 (strlen              ) R-> (2007.0) 0x04c34db0 strlen
--1302-- REDIR: 0x401d540 (ld-linux-x86-64.so.2:strcmp) redirected to 0x4c35ee0 (strcmp)
--1302-- REDIR: 0x4021260 (ld-linux-x86-64.so.2:mempcpy) redirected to 0x4c394f0 (mempcpy)
--1302-- Reading syms from /usr/lib/x86_64-linux-gnu/libstdc++.so.6.0.25
--1302--    object doesn't have a symbol table
--1302-- Reading syms from /lib/x86_64-linux-gnu/libgcc_s.so.1
--1302--    object doesn't have a symbol table
--1302-- Reading syms from /lib/x86_64-linux-gnu/libc-2.27.so
--1302--   Considering /lib/x86_64-linux-gnu/libc-2.27.so ..
--1302--   .. CRC mismatch (computed cb654923 wanted 8713c55a)
--1302--   Considering /usr/lib/debug/lib/x86_64-linux-gnu/libc-2.27.so ..
--1302--   .. CRC is valid
--1302-- Reading syms from /lib/x86_64-linux-gnu/libm-2.27.so
--1302--   Considering /lib/x86_64-linux-gnu/libm-2.27.so ..
--1302--   .. CRC mismatch (computed 8017c758 wanted 0183ab3a)
--1302--   Considering /usr/lib/debug/lib/x86_64-linux-gnu/libm-2.27.so ..
--1302--   .. CRC is valid
--1302-- REDIR: 0x547db70 (libc.so.6:memmove) redirected to 0x4a2c6e0 (_vgnU_ifunc_wrapper)
--1302-- REDIR: 0x547ce80 (libc.so.6:strncpy) redirected to 0x4a2c6e0 (_vgnU_ifunc_wrapper)
--1302-- REDIR: 0x547de50 (libc.so.6:strcasecmp) redirected to 0x4a2c6e0 (_vgnU_ifunc_wrapper)
--1302-- REDIR: 0x547c8d0 (libc.so.6:strcat) redirected to 0x4a2c6e0 (_vgnU_ifunc_wrapper)
--1302-- REDIR: 0x547ceb0 (libc.so.6:rindex) redirected to 0x4a2c6e0 (_vgnU_ifunc_wrapper)
--1302-- REDIR: 0x547f5a0 (libc.so.6:rawmemchr) redirected to 0x4a2c6e0 (_vgnU_ifunc_wrapper)
--1302-- REDIR: 0x547dce0 (libc.so.6:mempcpy) redirected to 0x4a2c6e0 (_vgnU_ifunc_wrapper)
--1302-- REDIR: 0x547db10 (libc.so.6:bcmp) redirected to 0x4a2c6e0 (_vgnU_ifunc_wrapper)
--1302-- REDIR: 0x547ce40 (libc.so.6:strncmp) redirected to 0x4a2c6e0 (_vgnU_ifunc_wrapper)
--1302-- REDIR: 0x547c940 (libc.so.6:strcmp) redirected to 0x4a2c6e0 (_vgnU_ifunc_wrapper)
--1302-- REDIR: 0x547dc40 (libc.so.6:memset) redirected to 0x4a2c6e0 (_vgnU_ifunc_wrapper)
--1302-- REDIR: 0x549aed0 (libc.so.6:wcschr) redirected to 0x4a2c6e0 (_vgnU_ifunc_wrapper)
--1302-- REDIR: 0x547cde0 (libc.so.6:strnlen) redirected to 0x4a2c6e0 (_vgnU_ifunc_wrapper)
--1302-- REDIR: 0x547c9b0 (libc.so.6:strcspn) redirected to 0x4a2c6e0 (_vgnU_ifunc_wrapper)
--1302-- REDIR: 0x547dea0 (libc.so.6:strncasecmp) redirected to 0x4a2c6e0 (_vgnU_ifunc_wrapper)
--1302-- REDIR: 0x547c980 (libc.so.6:strcpy) redirected to 0x4a2c6e0 (_vgnU_ifunc_wrapper)
--1302-- REDIR: 0x547dfe0 (libc.so.6:memcpy@@GLIBC_2.14) redirected to 0x4a2c6e0 (_vgnU_ifunc_wrapper)
--1302-- REDIR: 0x547cee0 (libc.so.6:strpbrk) redirected to 0x4a2c6e0 (_vgnU_ifunc_wrapper)
--1302-- REDIR: 0x547c900 (libc.so.6:index) redirected to 0x4a2c6e0 (_vgnU_ifunc_wrapper)
--1302-- REDIR: 0x547cdb0 (libc.so.6:strlen) redirected to 0x4a2c6e0 (_vgnU_ifunc_wrapper)
--1302-- REDIR: 0x54874a0 (libc.so.6:memrchr) redirected to 0x4a2c6e0 (_vgnU_ifunc_wrapper)
--1302-- REDIR: 0x547def0 (libc.so.6:strcasecmp_l) redirected to 0x4a2c6e0 (_vgnU_ifunc_wrapper)
--1302-- REDIR: 0x547dae0 (libc.so.6:memchr) redirected to 0x4a2c6e0 (_vgnU_ifunc_wrapper)
--1302-- REDIR: 0x549bc90 (libc.so.6:wcslen) redirected to 0x4a2c6e0 (_vgnU_ifunc_wrapper)
--1302-- REDIR: 0x547d190 (libc.so.6:strspn) redirected to 0x4a2c6e0 (_vgnU_ifunc_wrapper)
--1302-- REDIR: 0x547de20 (libc.so.6:stpncpy) redirected to 0x4a2c6e0 (_vgnU_ifunc_wrapper)
--1302-- REDIR: 0x547ddf0 (libc.so.6:stpcpy) redirected to 0x4a2c6e0 (_vgnU_ifunc_wrapper)
--1302-- REDIR: 0x547f5d0 (libc.so.6:strchrnul) redirected to 0x4a2c6e0 (_vgnU_ifunc_wrapper)
--1302-- REDIR: 0x547df40 (libc.so.6:strncasecmp_l) redirected to 0x4a2c6e0 (_vgnU_ifunc_wrapper)
--1302-- REDIR: 0x5490110 (libc.so.6:__strrchr_sse2) redirected to 0x4c34790 (__strrchr_sse2)
--1302-- REDIR: 0x5476140 (libc.so.6:malloc) redirected to 0x4c31aa0 (malloc)
--1302-- REDIR: 0x5490400 (libc.so.6:__strlen_sse2) redirected to 0x4c34d30 (__strlen_sse2)
--1302-- REDIR: 0x556ef00 (libc.so.6:__memcmp_sse4_1) redirected to 0x4c37d50 (__memcmp_sse4_1)
--1302-- REDIR: 0x5488c50 (libc.so.6:__strcmp_sse2_unaligned) redirected to 0x4c35da0 (strcmp)
--1302-- REDIR: 0x549a240 (libc.so.6:memcpy@GLIBC_2.2.5) redirected to 0x4c36060 (memcpy@GLIBC_2.2.5)
--1302-- REDIR: 0x4ed1280 (libstdc++.so.6:operator new(unsigned long)) redirected to 0x4c32110 (operator new(unsigned long))
--1302-- REDIR: 0x4ed1330 (libstdc++.so.6:operator new[](unsigned long)) redirected to 0x4c32830 (operator new[](unsigned long))
--1302-- REDIR: 0x549a220 (libc.so.6:__mempcpy_sse2_unaligned) redirected to 0x4c39130 (mempcpy)
==1302== Conditional jump or move depends on uninitialised value(s)
==1302==    at 0x10910A: person::work() (person.cpp:34)
==1302==    by 0x109352: main (main.cpp:11)
==1302== 
==1302== Conditional jump or move depends on uninitialised value(s)
==1302==    at 0x10910A: person::work() (person.cpp:34)
==1302==    by 0x109376: main (main.cpp:14)
==1302== 
--1302-- REDIR: 0x4ecf390 (libstdc++.so.6:operator delete(void*)) redirected to 0x4c331d0 (operator delete(void*))
--1302-- REDIR: 0x4ecf3c0 (libstdc++.so.6:operator delete[](void*)) redirected to 0x4c336d0 (operator delete[](void*))
--1302-- REDIR: 0x5476a30 (libc.so.6:free) redirected to 0x4c32cd0 (free)
==1302== 
==1302== HEAP SUMMARY:
==1302==     in use at exit: 0 bytes in 0 blocks
==1302==   total heap usage: 4 allocs, 4 frees, 73,620 bytes allocated
==1302== 
==1302== All heap blocks were freed -- no leaks are possible
==1302== 
==1302== Use --track-origins=yes to see where uninitialised values come from
==1302== ERROR SUMMARY: 2 errors from 2 contexts (suppressed: 0 from 0)
==1302== 
==1302== 1 errors in context 1 of 2:
==1302== Conditional jump or move depends on uninitialised value(s)
==1302==    at 0x10910A: person::work() (person.cpp:34)
==1302==    by 0x109376: main (main.cpp:14)
==1302== 
==1302== 
==1302== 1 errors in context 2 of 2:
==1302== Conditional jump or move depends on uninitialised value(s)
==1302==    at 0x10910A: person::work() (person.cpp:34)
==1302==    by 0x109352: main (main.cpp:11)
==1302== 
==1302== ERROR SUMMARY: 2 errors from 2 contexts (suppressed: 0 from 0)
